<?xml version="1.0" encoding="UTF-8"?>
<!-- Generated by org.testng.reporters.JUnitReportReporter -->
<testsuite hostname="Archan-PC" failures="0" tests="1" name="com.actitime.testscript.CustomerModule" time="0.012" errors="0" timestamp="2024-08-05T12:17:17 IST" skipped="0">
  <testcase classname="com.actitime.testscript.CustomerModule" name="createCustomer" time="0.012"/>
  <system-out>
    <![CDATA[bangalore]]>
  </system-out>
</testsuite> <!-- com.actitime.testscript.CustomerModule -->
